<?xml version="1.0" encoding="UTF-8"?>
<!-- Generated by org.testng.reporters.JUnitReportReporter -->
<testsuite hostname="Srushti" failures="0" tests="3" name="testCases.TC_001_AccountRegistrationTest" time="11.145" errors="0" timestamp="2025-06-30T15:14:55 IST" skipped="0">
  <testcase classname="testCases.TC_001_AccountRegistrationTest" name="verify_account_registration" time="4.221"/>
  <testcase classname="testCases.TC_001_AccountRegistrationTest" name="verify_account_registration" time="3.824"/>
  <testcase classname="testCases.TC_001_AccountRegistrationTest" name="verify_account_registration" time="3.100"/>
</testsuite> <!-- testCases.TC_001_AccountRegistrationTest -->
