<?xml version="1.0" encoding="UTF-8"?>
<!-- Generated by org.testng.reporters.JUnitReportReporter -->
<testsuite hostname="Srushti" failures="0" tests="5" name="testCases.TC_003_LoginDDT" time="46.920" errors="0" timestamp="2025-06-30T15:43:31 IST" skipped="0">
  <testcase classname="testCases.TC_003_LoginDDT" name="verify_loginDDT" time="11.479"/>
  <testcase classname="testCases.TC_003_LoginDDT" name="verify_loginDDT" time="10.772"/>
  <testcase classname="testCases.TC_003_LoginDDT" name="verify_loginDDT" time="1.985"/>
  <testcase classname="testCases.TC_003_LoginDDT" name="verify_loginDDT" time="11.185"/>
  <testcase classname="testCases.TC_003_LoginDDT" name="verify_loginDDT" time="11.499"/>
</testsuite> <!-- testCases.TC_003_LoginDDT -->
