<?xml version="1.0" encoding="UTF-8"?>
<!-- Generated by org.testng.reporters.JUnitReportReporter -->
<testsuite hostname="Srushti" failures="0" tests="1" name="testCases.TC_001_AccountRegistrationtTest" time="5.640" errors="0" timestamp="2025-07-01T20:00:17 IST" skipped="0">
  <testcase classname="testCases.TC_001_AccountRegistrationtTest" name="test_account_Registration" time="5.640"/>
</testsuite> <!-- testCases.TC_001_AccountRegistrationtTest -->
