<?xml version="1.0" encoding="UTF-8"?>
<!-- Generated by org.testng.reporters.JUnitReportReporter -->
<testsuite hostname="Srushti" failures="0" tests="1" name="testCases.TC_002_LoginTest" time="4.524" errors="0" timestamp="2025-07-01T20:00:17 IST" skipped="0">
  <testcase classname="testCases.TC_002_LoginTest" name="test_account_Registration" time="4.524"/>
</testsuite> <!-- testCases.TC_002_LoginTest -->
