<?xml version="1.0" encoding="UTF-8"?>
<!-- Generated by org.testng.reporters.JUnitReportReporter -->
<testsuite hostname="Srushti" failures="0" tests="1" name="testCases.TC_002_LoginTest" time="4.842" errors="0" timestamp="2025-07-02T06:59:06 IST" skipped="0">
  <testcase classname="testCases.TC_002_LoginTest" name="test_account_Registration" time="4.842"/>
</testsuite> <!-- testCases.TC_002_LoginTest -->
